<?xml version="1.0" encoding="UTF-8"?><testsuite errors="1" failures="0" name="Add a product to the shopping cart wong" skipped="0" tests="1" time="0.3" timestamp="2020-10-19 08:40:23"><testcase name="Add a product to the shopping cart"><error message="Step [(.*) select the article (.*)] is defined with 2 parameters at 'com.sophossolutions.stepdefinitions.SearchServicesAndProductStepDefinition.selectTheArticle(java.lang.String,java.lang.String)'.&#10;However, the gherkin step has 0 arguments.&#10;Step text: Karen select the article |frijoles|" type="io.cucumber.core.exception.CucumberException">Step [(.*) select the article (.*)] is defined with 2 parameters at 'com.sophossolutions.stepdefinitions.SearchServicesAndProductStepDefinition.selectTheArticle(java.lang.String,java.lang.String)'.
However, the gherkin step has 0 arguments.
Step text: Karen select the article |frijoles|</error><system-err>Step [(.*) select the article (.*)] is defined with 2 parameters at 'com.sophossolutions.stepdefinitions.SearchServicesAndProductStepDefinition.selectTheArticle(java.lang.String,java.lang.String)'.
However, the gherkin step has 0 arguments.
Step text: Karen select the article |frijoles|&#13;
io.cucumber.core.runner.PickleStepDefinitionMatch.arityMismatch(PickleStepDefinitionMatch.java:134)&#13;
io.cucumber.core.runner.PickleStepDefinitionMatch.runStep(PickleStepDefinitionMatch.java:42)&#13;
io.cucumber.core.runner.TestStep.executeStep(TestStep.java:64)&#13;
io.cucumber.core.runner.TestStep.run(TestStep.java:49)&#13;
io.cucumber.core.runner.PickleStepTestStep.run(PickleStepTestStep.java:46)&#13;
io.cucumber.core.runner.TestCase.run(TestCase.java:51)&#13;
io.cucumber.core.runner.Runner.runPickle(Runner.java:67)&#13;
io.cucumber.junit.FeatureRunner.runChild(FeatureRunner.java:83)&#13;
io.cucumber.junit.FeatureRunner.runChild(FeatureRunner.java:24)&#13;
io.cucumber.junit.CucumberSerenityRunner.runChild(CucumberSerenityRunner.java:227)&#13;
io.cucumber.junit.CucumberSerenityRunner.runChild(CucumberSerenityRunner.java:54)&#13;
</system-err></testcase></testsuite>